<?xml version="1.0" encoding="UTF-8"?>
<!-- Generated by org.testng.reporters.JUnitReportReporter -->
<testsuite hostname="RainBow" failures="0" tests="1" name="sample.MavenFramework.SeleniumTest" time="0.001" errors="0" timestamp="15 Nov 2019 22:15:39 GMT" skipped="0">
  <testcase classname="sample.MavenFramework.SeleniumTest" name="browserAutomation" time="0.001"/>
</testsuite> <!-- sample.MavenFramework.SeleniumTest -->
