<?xml version="1.0" encoding="UTF-8"?>
<!-- Generated by org.testng.reporters.JUnitReportReporter -->
<testsuite hostname="RainBow" failures="0" tests="1" name="sample.MavenFramework.RestAPITest" time="0.010" errors="0" timestamp="15 Nov 2019 22:15:39 GMT" skipped="0">
  <testcase classname="sample.MavenFramework.RestAPITest" name="postJira" time="0.010"/>
</testsuite> <!-- sample.MavenFramework.RestAPITest -->
